<component name="libraryTable">
  <library name="junit-platform-commons-1.10.2">
    <CLASSES>
      <root url="jar://$PROJECT_DIR$/junit-platform-commons-1.10.2.jar!/" />
    </CLASSES>
    <JAVADOC />
    <SOURCES />
  </library>
</component>